C:\Users\tiger\Desktop\14231027_赵岳_MIPS\C0compiler\C0compiler\Debug\C0compiler.exe.intermediate.manifest
C:\Users\tiger\Desktop\14231027_赵岳_MIPS\C0compiler\C0compiler\Debug\C0compiler.vcxprojResolveAssemblyReference.cache
C:\Users\tiger\Desktop\14231027_赵岳_MIPS\C0compiler\C0compiler\Debug\C0compiler.write.1.tlog
C:\Users\tiger\Desktop\14231027_赵岳_MIPS\C0compiler\C0compiler\Debug\cl.command.1.tlog
C:\Users\tiger\Desktop\14231027_赵岳_MIPS\C0compiler\C0compiler\Debug\CL.read.1.tlog
C:\Users\tiger\Desktop\14231027_赵岳_MIPS\C0compiler\C0compiler\Debug\CL.write.1.tlog
C:\Users\tiger\Desktop\14231027_赵岳_MIPS\C0compiler\C0compiler\Debug\Error.obj
C:\Users\tiger\Desktop\14231027_赵岳_MIPS\C0compiler\C0compiler\Debug\global.obj
C:\Users\tiger\Desktop\14231027_赵岳_MIPS\C0compiler\C0compiler\Debug\Lexer.obj
C:\Users\tiger\Desktop\14231027_赵岳_MIPS\C0compiler\C0compiler\Debug\link.command.1.tlog
C:\Users\tiger\Desktop\14231027_赵岳_MIPS\C0compiler\C0compiler\Debug\link.read.1.tlog
C:\Users\tiger\Desktop\14231027_赵岳_MIPS\C0compiler\C0compiler\Debug\link.write.1.tlog
C:\Users\tiger\Desktop\14231027_赵岳_MIPS\C0compiler\C0compiler\Debug\main.obj
C:\Users\tiger\Desktop\14231027_赵岳_MIPS\C0compiler\C0compiler\Debug\mt.command.1.tlog
C:\Users\tiger\Desktop\14231027_赵岳_MIPS\C0compiler\C0compiler\Debug\mt.read.1.tlog
C:\Users\tiger\Desktop\14231027_赵岳_MIPS\C0compiler\C0compiler\Debug\mt.write.1.tlog
C:\Users\tiger\Desktop\14231027_赵岳_MIPS\C0compiler\C0compiler\Debug\Parser.obj
C:\Users\tiger\Desktop\14231027_赵岳_MIPS\C0compiler\C0compiler\Debug\Quater.obj
C:\Users\tiger\Desktop\14231027_赵岳_MIPS\C0compiler\C0compiler\Debug\Table.obj
C:\Users\tiger\Desktop\14231027_赵岳_MIPS\C0compiler\C0compiler\Debug\vc100.idb
C:\Users\tiger\Desktop\14231027_赵岳_MIPS\C0compiler\C0compiler\Debug\vc100.pdb
C:\Users\tiger\Desktop\14231027_赵岳_MIPS\C0compiler\Debug\C0compiler.exe
C:\Users\tiger\Desktop\14231027_赵岳_MIPS\C0compiler\Debug\C0compiler.ilk
C:\Users\tiger\Desktop\14231027_赵岳_MIPS\C0compiler\Debug\C0compiler.pdb
C:\USERS\TIGER\DESKTOP\14231027_赵岳_MIPS\源代码\C0COMPILER\C0COMPILER\DEBUG\C0COMPILER.EXE.INTERMEDIATE.MANIFEST
C:\USERS\TIGER\DESKTOP\14231027_赵岳_MIPS\源代码\C0COMPILER\C0COMPILER\DEBUG\ERROR.OBJ
C:\USERS\TIGER\DESKTOP\14231027_赵岳_MIPS\源代码\C0COMPILER\C0COMPILER\DEBUG\GLOBAL.OBJ
C:\USERS\TIGER\DESKTOP\14231027_赵岳_MIPS\源代码\C0COMPILER\C0COMPILER\DEBUG\LEXER.OBJ
C:\USERS\TIGER\DESKTOP\14231027_赵岳_MIPS\源代码\C0COMPILER\C0COMPILER\DEBUG\MAIN.OBJ
C:\USERS\TIGER\DESKTOP\14231027_赵岳_MIPS\源代码\C0COMPILER\C0COMPILER\DEBUG\PARSER.OBJ
C:\USERS\TIGER\DESKTOP\14231027_赵岳_MIPS\源代码\C0COMPILER\C0COMPILER\DEBUG\QUATER.OBJ
C:\USERS\TIGER\DESKTOP\14231027_赵岳_MIPS\源代码\C0COMPILER\C0COMPILER\DEBUG\TABLE.OBJ
C:\USERS\TIGER\DESKTOP\14231027_赵岳_MIPS\源代码\C0COMPILER\C0COMPILER\DEBUG\VC100.PDB
C:\USERS\TIGER\DESKTOP\14231027_赵岳_MIPS\源代码\C0COMPILER\DEBUG\C0COMPILER.EXE
C:\USERS\TIGER\DESKTOP\14231027_赵岳_MIPS\源代码\C0COMPILER\DEBUG\C0COMPILER.ILK
C:\USERS\TIGER\DESKTOP\14231027_赵岳_MIPS\源代码\C0COMPILER\DEBUG\C0COMPILER.PDB
